[debug] [2021-11-04T13:19:30.201Z] ----------------------------------------------------------------------
[debug] [2021-11-04T13:19:30.203Z] Command:       C:\Program Files\nodejs\node.exe C:\Program Files\nodejs\node_modules\firebase-tools\lib\bin\firebase.js emulators:start
[debug] [2021-11-04T13:19:30.203Z] CLI Version:   9.10.0
[debug] [2021-11-04T13:19:30.203Z] Platform:      win32
[debug] [2021-11-04T13:19:30.203Z] Node Version:  v12.19.0
[debug] [2021-11-04T13:19:30.204Z] Time:          Thu Nov 04 2021 14:19:30 GMT+0100 (GMT+01:00)
[debug] [2021-11-04T13:19:30.204Z] ----------------------------------------------------------------------
[debug] 
[debug] [2021-11-04T13:19:30.209Z] > command requires scopes: ["email","openid","https://www.googleapis.com/auth/cloudplatformprojects.readonly","https://www.googleapis.com/auth/firebase","https://www.googleapis.com/auth/cloud-platform"]
[debug] [2021-11-04T13:19:30.210Z] > authorizing via signed-in user (cristian.tirdad@gmail.com)
[info] i  emulators: Starting emulators: auth, functions, firestore, hosting {"metadata":{"emulator":{"name":"hub"},"message":"Starting emulators: auth, functions, firestore, hosting"}}
[debug] [2021-11-04T13:19:30.230Z] [hub] writing locator at C:\Users\crist\AppData\Local\Temp\hub-personal-photo-album.json
[warn] !  functions: The following emulators are not running, calls to these services from the Functions emulator will affect production: database, pubsub {"metadata":{"emulator":{"name":"functions"},"message":"The following emulators are not running, calls to these services from the Functions emulator will affect production: \u001b[1mdatabase, pubsub\u001b[22m"}}
[info] +  functions: Using node@12 from host. {"metadata":{"emulator":{"name":"functions"},"message":"Using node@12 from host."}}
[debug] [2021-11-04T13:19:30.261Z] defaultcredentials: writing to file C:\Users\crist\AppData\Roaming\firebase\cristian_tirdad_gmail.com_application_default_credentials.json
[debug] [2021-11-04T13:19:30.264Z] Setting GAC to C:\Users\crist\AppData\Roaming\firebase\cristian_tirdad_gmail.com_application_default_credentials.json {"metadata":{"emulator":{"name":"functions"},"message":"Setting GAC to C:\\Users\\crist\\AppData\\Roaming\\firebase\\cristian_tirdad_gmail.com_application_default_credentials.json"}}
[debug] [2021-11-04T13:19:30.266Z] >>> [apiv2][query] GET https://firebase.googleapis.com/v1beta1/projects/personal-photo-album/adminSdkConfig [none]
[debug] [2021-11-04T13:19:30.577Z] <<< [apiv2][status] GET https://firebase.googleapis.com/v1beta1/projects/personal-photo-album/adminSdkConfig 200
[debug] [2021-11-04T13:19:30.578Z] <<< [apiv2][body] GET https://firebase.googleapis.com/v1beta1/projects/personal-photo-album/adminSdkConfig {"projectId":"personal-photo-album","storageBucket":"personal-photo-album.appspot.com","locationId":"europe-west"}
[debug] [2021-11-04T13:19:30.599Z] Ignoring unsupported arg: projectId {"metadata":{"emulator":{"name":"firestore"},"message":"Ignoring unsupported arg: projectId"}}
[debug] [2021-11-04T13:19:30.599Z] Ignoring unsupported arg: auto_download {"metadata":{"emulator":{"name":"firestore"},"message":"Ignoring unsupported arg: auto_download"}}
[debug] [2021-11-04T13:19:30.599Z] Starting Firestore Emulator with command {"binary":"java","args":["-Dgoogle.cloud_firestore.debug_log_level=FINE","-Duser.language=en","-jar","C:\\Users\\crist\\.cache\\firebase\\emulators\\cloud-firestore-emulator-v1.11.14.jar","--host","localhost","--port",8080,"--rules","D:\\personal-photo-album\\firestore.rules","--functions_emulator","localhost:5001"],"optionalArgs":["port","webchannel_port","host","rules","functions_emulator","seed_from_export"],"joinArgs":false} {"metadata":{"emulator":{"name":"firestore"},"message":"Starting Firestore Emulator with command {\"binary\":\"java\",\"args\":[\"-Dgoogle.cloud_firestore.debug_log_level=FINE\",\"-Duser.language=en\",\"-jar\",\"C:\\\\Users\\\\crist\\\\.cache\\\\firebase\\\\emulators\\\\cloud-firestore-emulator-v1.11.14.jar\",\"--host\",\"localhost\",\"--port\",8080,\"--rules\",\"D:\\\\personal-photo-album\\\\firestore.rules\",\"--functions_emulator\",\"localhost:5001\"],\"optionalArgs\":[\"port\",\"webchannel_port\",\"host\",\"rules\",\"functions_emulator\",\"seed_from_export\"],\"joinArgs\":false}"}}
[info] i  firestore: Firestore Emulator logging to firestore-debug.log {"metadata":{"emulator":{"name":"firestore"},"message":"Firestore Emulator logging to \u001b[1mfirestore-debug.log\u001b[22m"}}
[debug] [2021-11-04T13:19:31.810Z] Nov 04, 2021 2:19:31 PM com.google.cloud.datastore.emulator.firestore.websocket.WebSocketServer start
INFO: Started WebSocket server on ws://localhost:64991
 {"metadata":{"emulator":{"name":"firestore"},"message":"Nov 04, 2021 2:19:31 PM com.google.cloud.datastore.emulator.firestore.websocket.WebSocketServer start\r\nINFO: Started WebSocket server on ws://localhost:64991\r\n"}}
[debug] [2021-11-04T13:19:31.853Z] API endpoint: http://localhost {"metadata":{"emulator":{"name":"firestore"},"message":"API endpoint: http://localhost"}}
[debug] [2021-11-04T13:19:31.853Z] :8080
If you are using a library that supports the FIRESTORE_EMULATOR_HOST environment variable, run:

   export FIRESTORE_EMULATOR_HOST=localhost: {"metadata":{"emulator":{"name":"firestore"},"message":":8080\nIf you are using a library that supports the FIRESTORE_EMULATOR_HOST environment variable, run:\r\n\n   export FIRESTORE_EMULATOR_HOST=localhost:"}}
[debug] [2021-11-04T13:19:31.854Z] 8080

 {"metadata":{"emulator":{"name":"firestore"},"message":"8080\n\n"}}
[debug] [2021-11-04T13:19:31.854Z] Dev App Server is now running.

 {"metadata":{"emulator":{"name":"firestore"},"message":"Dev App Server is now running.\n\r\n"}}
[debug] [2021-11-04T13:19:33.848Z] >>> [apiv2][query] GET https://firebase.googleapis.com/v1beta1/projects/personal-photo-album/webApps/-/config [none]
[debug] [2021-11-04T13:19:34.726Z] <<< [apiv2][status] GET https://firebase.googleapis.com/v1beta1/projects/personal-photo-album/webApps/-/config 200
[debug] [2021-11-04T13:19:34.727Z] <<< [apiv2][body] GET https://firebase.googleapis.com/v1beta1/projects/personal-photo-album/webApps/-/config {"projectId":"personal-photo-album","appId":"1:397660995024:web:972a8c9a87e5fe72a78dd5","storageBucket":"personal-photo-album.appspot.com","locationId":"europe-west","apiKey":"AIzaSyBqMjfrPl39HssIN-OQHs4JR02MzRf343c","authDomain":"personal-photo-album.firebaseapp.com","messagingSenderId":"397660995024"}
[info] i  hosting: Serving hosting files from: public {"metadata":{"emulator":{"name":"hosting"},"message":"Serving hosting files from: \u001b[1mpublic\u001b[22m"}}
[info] +  hosting: Local server: http://localhost:5000 {"metadata":{"emulator":{"name":"hosting"},"message":"Local server: \u001b[4m\u001b[1mhttp://localhost:5000\u001b[22m\u001b[24m"}}
[warn] !  ui: Emulator UI unable to start on port 4000, starting on 4001 instead. {"metadata":{"emulator":{"name":"ui"},"message":"Emulator UI unable to start on port 4000, starting on 4001 instead."}}
[debug] [2021-11-04T13:19:34.798Z] Ignoring unsupported arg: auto_download {"metadata":{"emulator":{"name":"ui"},"message":"Ignoring unsupported arg: auto_download"}}
[debug] [2021-11-04T13:19:34.799Z] Ignoring unsupported arg: port {"metadata":{"emulator":{"name":"ui"},"message":"Ignoring unsupported arg: port"}}
[debug] [2021-11-04T13:19:34.799Z] Starting Emulator UI with command {"binary":"node","args":["C:\\Users\\crist\\.cache\\firebase\\emulators\\ui-v1.4.2\\server.bundle.js"],"optionalArgs":[],"joinArgs":false} {"metadata":{"emulator":{"name":"ui"},"message":"Starting Emulator UI with command {\"binary\":\"node\",\"args\":[\"C:\\\\Users\\\\crist\\\\.cache\\\\firebase\\\\emulators\\\\ui-v1.4.2\\\\server.bundle.js\"],\"optionalArgs\":[],\"joinArgs\":false}"}}
[info] i  ui: Emulator UI logging to ui-debug.log {"metadata":{"emulator":{"name":"ui"},"message":"Emulator UI logging to \u001b[1mui-debug.log\u001b[22m"}}
[debug] [2021-11-04T13:19:34.907Z] Web / API server started at http://localhost:4001
 {"metadata":{"emulator":{"name":"ui"},"message":"Web / API server started at http://localhost:4001\n"}}
[info] i  functions: Watching "D:\personal-photo-album\functions" for Cloud Functions... {"metadata":{"emulator":{"name":"functions"},"message":"Watching \"D:\\personal-photo-album\\functions\" for Cloud Functions..."}}
[debug] [2021-11-04T13:19:35.093Z] [worker-pool] addWorker(~diagnostic~) {"metadata":{"emulator":{"name":"functions"},"message":"[worker-pool] addWorker(~diagnostic~)"}}
[debug] [2021-11-04T13:19:35.093Z] [worker-pool] Adding worker with key ~diagnostic~, total=1 {"metadata":{"emulator":{"name":"functions"},"message":"[worker-pool] Adding worker with key ~diagnostic~, total=1"}}
[debug] [2021-11-04T13:19:35.093Z] [worker-pool] submitWork(triggerId=) {"metadata":{"emulator":{"name":"functions"},"message":"[worker-pool] submitWork(triggerId=)"}}
[debug] [2021-11-04T13:19:35.093Z] [worker-~diagnostic~-006c4bbf-59bb-4023-8b06-75b11839ec78]: Assigning socketPath: \\?\pipe\D:\personal-photo-album\functions\3452 {"metadata":{"emulator":{"name":"functions"},"message":"[worker-~diagnostic~-006c4bbf-59bb-4023-8b06-75b11839ec78]: Assigning socketPath: \\\\?\\pipe\\D:\\personal-photo-album\\functions\\3452"}}
[debug] [2021-11-04T13:19:35.094Z] [worker-~diagnostic~-006c4bbf-59bb-4023-8b06-75b11839ec78]: BUSY {"metadata":{"emulator":{"name":"functions"},"message":"[worker-~diagnostic~-006c4bbf-59bb-4023-8b06-75b11839ec78]: BUSY"}}
[debug] [2021-11-04T13:19:35.275Z] [runtime-status] [3452] Functions runtime initialized. {"cwd":"D:\\personal-photo-album\\functions","node_version":"12.19.0"} {"metadata":{"emulator":{"name":"functions"},"message":"[runtime-status] [3452] Functions runtime initialized. {\"cwd\":\"D:\\\\personal-photo-album\\\\functions\",\"node_version\":\"12.19.0\"}"}}
[debug] [2021-11-04T13:19:35.275Z] [runtime-status] [3452] Disabled runtime features: undefined {"metadata":{"emulator":{"name":"functions"},"message":"[runtime-status] [3452] Disabled runtime features: undefined"}}
[debug] [2021-11-04T13:19:35.278Z] [runtime-status] [3452] Resolved module firebase-admin {"declared":true,"installed":true,"version":"9.12.0","resolution":"D:\\personal-photo-album\\functions\\node_modules\\firebase-admin\\lib\\index.js"} {"metadata":{"emulator":{"name":"functions"},"message":"[runtime-status] [3452] Resolved module firebase-admin {\"declared\":true,\"installed\":true,\"version\":\"9.12.0\",\"resolution\":\"D:\\\\personal-photo-album\\\\functions\\\\node_modules\\\\firebase-admin\\\\lib\\\\index.js\"}"}}
[debug] [2021-11-04T13:19:35.280Z] [runtime-status] [3452] Resolved module firebase-functions {"declared":true,"installed":true,"version":"3.16.0","resolution":"D:\\personal-photo-album\\functions\\node_modules\\firebase-functions\\lib\\index.js"} {"metadata":{"emulator":{"name":"functions"},"message":"[runtime-status] [3452] Resolved module firebase-functions {\"declared\":true,\"installed\":true,\"version\":\"3.16.0\",\"resolution\":\"D:\\\\personal-photo-album\\\\functions\\\\node_modules\\\\firebase-functions\\\\lib\\\\index.js\"}"}}
[debug] [2021-11-04T13:19:35.281Z] [runtime-status] [3452] Resolved module firebase-functions {"declared":true,"installed":true,"version":"3.16.0","resolution":"D:\\personal-photo-album\\functions\\node_modules\\firebase-functions\\lib\\index.js"} {"metadata":{"emulator":{"name":"functions"},"message":"[runtime-status] [3452] Resolved module firebase-functions {\"declared\":true,\"installed\":true,\"version\":\"3.16.0\",\"resolution\":\"D:\\\\personal-photo-album\\\\functions\\\\node_modules\\\\firebase-functions\\\\lib\\\\index.js\"}"}}
[debug] [2021-11-04T13:19:35.283Z] [runtime-status] [3452] Outgoing network have been stubbed. [{"name":"http","status":"mocked"},{"name":"http","status":"mocked"},{"name":"https","status":"mocked"},{"name":"https","status":"mocked"},{"name":"net","status":"mocked"}] {"metadata":{"emulator":{"name":"functions"},"message":"[runtime-status] [3452] Outgoing network have been stubbed. [{\"name\":\"http\",\"status\":\"mocked\"},{\"name\":\"http\",\"status\":\"mocked\"},{\"name\":\"https\",\"status\":\"mocked\"},{\"name\":\"https\",\"status\":\"mocked\"},{\"name\":\"net\",\"status\":\"mocked\"}]"}}
[debug] [2021-11-04T13:19:35.283Z] [runtime-status] [3452] Resolved module firebase-functions {"declared":true,"installed":true,"version":"3.16.0","resolution":"D:\\personal-photo-album\\functions\\node_modules\\firebase-functions\\lib\\index.js"} {"metadata":{"emulator":{"name":"functions"},"message":"[runtime-status] [3452] Resolved module firebase-functions {\"declared\":true,\"installed\":true,\"version\":\"3.16.0\",\"resolution\":\"D:\\\\personal-photo-album\\\\functions\\\\node_modules\\\\firebase-functions\\\\lib\\\\index.js\"}"}}
[debug] [2021-11-04T13:19:35.540Z] [runtime-status] [3452] Checked functions.config() {"config":{}} {"metadata":{"emulator":{"name":"functions"},"message":"[runtime-status] [3452] Checked functions.config() {\"config\":{}}"}}
[debug] [2021-11-04T13:19:35.541Z] [runtime-status] [3452] firebase-functions has been stubbed. {"functionsResolution":{"declared":true,"installed":true,"version":"3.16.0","resolution":"D:\\personal-photo-album\\functions\\node_modules\\firebase-functions\\lib\\index.js"}} {"metadata":{"emulator":{"name":"functions"},"message":"[runtime-status] [3452] firebase-functions has been stubbed. {\"functionsResolution\":{\"declared\":true,\"installed\":true,\"version\":\"3.16.0\",\"resolution\":\"D:\\\\personal-photo-album\\\\functions\\\\node_modules\\\\firebase-functions\\\\lib\\\\index.js\"}}"}}
[debug] [2021-11-04T13:19:35.541Z] [runtime-status] [3452] Resolved module firebase-functions {"declared":true,"installed":true,"version":"3.16.0","resolution":"D:\\personal-photo-album\\functions\\node_modules\\firebase-functions\\lib\\index.js"} {"metadata":{"emulator":{"name":"functions"},"message":"[runtime-status] [3452] Resolved module firebase-functions {\"declared\":true,\"installed\":true,\"version\":\"3.16.0\",\"resolution\":\"D:\\\\personal-photo-album\\\\functions\\\\node_modules\\\\firebase-functions\\\\lib\\\\index.js\"}"}}
[debug] [2021-11-04T13:19:35.542Z] [runtime-status] [3452] Resolved module firebase-admin {"declared":true,"installed":true,"version":"9.12.0","resolution":"D:\\personal-photo-album\\functions\\node_modules\\firebase-admin\\lib\\index.js"} {"metadata":{"emulator":{"name":"functions"},"message":"[runtime-status] [3452] Resolved module firebase-admin {\"declared\":true,\"installed\":true,\"version\":\"9.12.0\",\"resolution\":\"D:\\\\personal-photo-album\\\\functions\\\\node_modules\\\\firebase-admin\\\\lib\\\\index.js\"}"}}
[debug] [2021-11-04T13:19:35.543Z] [runtime-status] [3452] Resolved module firebase-functions {"declared":true,"installed":true,"version":"3.16.0","resolution":"D:\\personal-photo-album\\functions\\node_modules\\firebase-functions\\lib\\index.js"} {"metadata":{"emulator":{"name":"functions"},"message":"[runtime-status] [3452] Resolved module firebase-functions {\"declared\":true,\"installed\":true,\"version\":\"3.16.0\",\"resolution\":\"D:\\\\personal-photo-album\\\\functions\\\\node_modules\\\\firebase-functions\\\\lib\\\\index.js\"}"}}
[debug] [2021-11-04T13:19:35.543Z] [runtime-status] [3452] firebase-admin has been stubbed. {"adminResolution":{"declared":true,"installed":true,"version":"9.12.0","resolution":"D:\\personal-photo-album\\functions\\node_modules\\firebase-admin\\lib\\index.js"}} {"metadata":{"emulator":{"name":"functions"},"message":"[runtime-status] [3452] firebase-admin has been stubbed. {\"adminResolution\":{\"declared\":true,\"installed\":true,\"version\":\"9.12.0\",\"resolution\":\"D:\\\\personal-photo-album\\\\functions\\\\node_modules\\\\firebase-admin\\\\lib\\\\index.js\"}}"}}
[warn] !  Error: Cannot find module 'D:\personal-photo-album\functions\lib\index.js'. Please verify that the package.json has a valid "main" entry
    at tryPackage (internal/modules/cjs/loader.js:315:19)
    at Function.Module._findPath (internal/modules/cjs/loader.js:528:18)
    at Function.Module._resolveFilename (internal/modules/cjs/loader.js:818:27)
    at Function.Module._load (internal/modules/cjs/loader.js:687:27)
    at Module.require (internal/modules/cjs/loader.js:903:19)
    at require (internal/modules/cjs/helpers.js:74:18)
    at initializeRuntime (C:\Users\crist\AppData\Roaming\nvm\v12.19.0\node_modules\firebase-tools\lib\emulator\functionsEmulatorRuntime.js:680:29)
    at processTicksAndRejections (internal/process/task_queues.js:97:5)
    at async handleMessage (C:\Users\crist\AppData\Roaming\nvm\v12.19.0\node_modules\firebase-tools\lib\emulator\functionsEmulatorRuntime.js:718:20) {"metadata":{"emulator":{"name":"functions"},"message":"Error: Cannot find module 'D:\\personal-photo-album\\functions\\lib\\index.js'. Please verify that the package.json has a valid \"main\" entry\n    at tryPackage (internal/modules/cjs/loader.js:315:19)\n    at Function.Module._findPath (internal/modules/cjs/loader.js:528:18)\n    at Function.Module._resolveFilename (internal/modules/cjs/loader.js:818:27)\n    at Function.Module._load (internal/modules/cjs/loader.js:687:27)\n    at Module.require (internal/modules/cjs/loader.js:903:19)\n    at require (internal/modules/cjs/helpers.js:74:18)\n    at initializeRuntime (C:\\Users\\crist\\AppData\\Roaming\\nvm\\v12.19.0\\node_modules\\firebase-tools\\lib\\emulator\\functionsEmulatorRuntime.js:680:29)\n    at processTicksAndRejections (internal/process/task_queues.js:97:5)\n    at async handleMessage (C:\\Users\\crist\\AppData\\Roaming\\nvm\\v12.19.0\\node_modules\\firebase-tools\\lib\\emulator\\functionsEmulatorRuntime.js:718:20)"}}
[warn] !  We were unable to load your functions code. (see above)
   - It appears your code is written in Typescript, which must be compiled before emulation.
   - You may be able to run "npm run build" in your functions directory to resolve this. {"metadata":{"emulator":{"name":"functions"}}}
[debug] [2021-11-04T13:19:35.576Z] [worker-~diagnostic~-006c4bbf-59bb-4023-8b06-75b11839ec78]: exited {"metadata":{"emulator":{"name":"functions"},"message":"[worker-~diagnostic~-006c4bbf-59bb-4023-8b06-75b11839ec78]: exited"}}
[debug] [2021-11-04T13:19:35.577Z] [worker-~diagnostic~-006c4bbf-59bb-4023-8b06-75b11839ec78]: FINISHED {"metadata":{"emulator":{"name":"functions"},"message":"[worker-~diagnostic~-006c4bbf-59bb-4023-8b06-75b11839ec78]: FINISHED"}}
[debug] [2021-11-04T13:19:53.538Z] Received signal SIGHUP 1
